01:03:14 | 23:43:10.281000 | *** Старт программы *** ver. 0.0.5 ***
01:03:14 | 23:43:20.828000 | *** Выход из программы ***

01:03:14 | 23:43:25.453000 | *** Старт программы *** ver. 0.0.5 ***
01:03:14 | 23:45:11.171000 | *** Выход из программы ***

01:03:14 | 23:45:16.437000 | *** Старт программы *** ver. 0.0.5 ***
01:03:14 | 23:48:38.171000 | Поступил файл NL131202.000
01:03:14 | 23:48:38.187000 | Поступил файл NT131129.002
01:03:14 | 23:48:38.203000 | Поступил файл nt131203.002
01:03:14 | 23:48:38.218000 | Поступил файл NT131210.005
01:03:14 | 23:48:38.234000 | Поступил файл NT131210.006
01:03:14 | 23:48:38.265000 | Поступил файл nt131210.008
01:03:14 | 23:48:38.296000 | Поступил файл nt131212.011
01:03:14 | 23:49:52.703000 | Удалён файл NL131202.000
01:03:14 | 23:49:52.703000 | Удалён файл NT131129.002
01:03:14 | 23:49:52.703000 | Удалён файл nt131203.002
01:03:14 | 23:49:52.703000 | Удалён файл NT131210.005
01:03:14 | 23:49:52.703000 | Удалён файл NT131210.006
01:03:14 | 23:49:52.718000 | Удалён файл nt131210.008
01:03:14 | 23:49:52.718000 | Удалён файл nt131212.011
02:03:14 | 00:12:03.984000 | *** Выход из программы ***

02:03:14 | 09:44:26.875000 | *** Старт программы *** ver. 0.0.5 ***
02:03:14 | 10:09:28.281000 | *** Выход из программы ***

02:03:14 | 14:26:52.406000 | *** Старт программы *** ver. 0.0.5 ***

02:03:14 | 18:23:40.265000 | *** Старт программы *** ver. 0.0.5 ***
02:03:14 | 23:39:24.500000 | *** Выход из программы ***

03:03:14 | 06:08:21.328000 | *** Старт программы *** ver. 0.0.5 ***
03:03:14 | 06:33:16.375000 | *** Выход из программы ***

03:03:14 | 19:49:34.828000 | *** Старт программы *** ver. 0.0.5 ***
04:03:14 | 06:15:17.671000 | *** Выход из программы ***

04:03:14 | 21:36:13.828000 | *** Старт программы *** ver. 0.0.5 ***

05:03:14 | 12:22:25.702000 | *** Старт программы *** ver. 0.0.5 ***
05:03:14 | 12:23:00.373000 | Поступил файл Limit.000
05:03:14 | 12:23:20.373000 | Удалён файл Limit.000
05:03:14 | 12:23:22.967000 | Поступил файл Limit.000
05:03:14 | 12:23:42.998000 | Удалён файл Limit.000
05:03:14 | 12:24:16.452000 | *** Выход из программы ***

05:03:14 | 12:24:43.655000 | *** Старт программы *** ver. 0.0.5 ***
05:03:14 | 12:25:10.123000 | Поступил файл Limit.000
05:03:14 | 12:25:30.155000 | Удалён файл Limit.000
05:03:14 | 12:25:34.420000 | Поступил файл Limit.000
05:03:14 | 12:25:42.045000 | Удалён файл Limit.000
05:03:14 | 12:26:39.170000 | *** Выход из программы ***

05:03:14 | 12:30:14.420000 | *** Старт программы *** ver. 0.0.5 ***
05:03:14 | 12:30:30.311000 | Поступил файл Limit.000
05:03:14 | 12:30:50.342000 | Удалён файл Limit.000
05:03:14 | 12:31:30.327000 | Поступил файл Limit.000
05:03:14 | 12:31:50.342000 | Удалён файл Limit.000
05:03:14 | 12:33:00.311000 | Поступил файл Limit.000
05:03:14 | 12:33:20.327000 | Удалён файл Limit.000
05:03:14 | 12:33:59.202000 | *** Выход из программы ***

05:03:14 | 21:20:52.343000 | *** Старт программы *** ver. 0.0.5 ***

06:03:14 | 09:38:38.034000 | *** Старт программы *** ver. 0.0.5 ***
06:03:14 | 09:40:01.659000 | Поступил файл Limit.000
06:03:14 | 09:40:21.674000 | Удалён файл Limit.000
06:03:14 | 09:40:45.190000 | *** Выход из программы ***

06:03:14 | 09:42:37.830000 | *** Старт программы *** ver. 0.0.5 ***
06:03:14 | 09:42:51.002000 | Поступил файл Limit.000
06:03:14 | 09:43:11.018000 | Удалён файл Limit.000
06:03:14 | 09:43:28.299000 | *** Выход из программы ***

06:03:14 | 09:46:13.627000 | *** Старт программы *** ver. 0.0.5 ***
06:03:14 | 09:47:10.909000 | Поступил файл Limit.000
06:03:14 | 09:47:30.940000 | Удалён файл Limit.000
06:03:14 | 09:54:20.940000 | Поступил файл Limit.000
06:03:14 | 09:54:40.955000 | Удалён файл Limit.000
06:03:14 | 09:54:58.534000 | *** Выход из программы ***

06:03:14 | 10:09:31.549000 | *** Старт программы *** ver. 0.0.5 ***
06:03:14 | 10:10:01.033000 | Поступил файл NL131202.000
06:03:14 | 10:10:01.049000 | Поступил файл NT131129.002
06:03:14 | 10:10:01.064000 | Поступил файл nt131203.002
06:03:14 | 10:10:01.064000 | Поступил файл NT131210.005
06:03:14 | 10:10:01.080000 | Поступил файл NT131210.006
06:03:14 | 10:10:01.080000 | Поступил файл nt131210.008
06:03:14 | 10:10:01.096000 | Поступил файл nt131212.011
06:03:14 | 10:10:37.189000 | Удалён файл NL131202.000
06:03:14 | 10:10:37.189000 | Удалён файл NT131129.002
06:03:14 | 10:10:37.189000 | Удалён файл nt131203.002
06:03:14 | 10:10:37.205000 | Удалён файл NT131210.005
06:03:14 | 10:10:37.205000 | Удалён файл NT131210.006
06:03:14 | 10:10:37.205000 | Удалён файл nt131210.008
06:03:14 | 10:10:37.221000 | Удалён файл nt131212.011
06:03:14 | 10:10:41.252000 | *** Выход из программы ***

06:03:14 | 10:12:57.627000 | *** Старт программы *** ver. 0.0.5 ***
06:03:14 | 10:13:09.908000 | [NSI] Поступил файл NL131202.000
06:03:14 | 10:13:09.924000 | [NSI] Поступил файл NT131129.002
06:03:14 | 10:13:09.924000 | [NSI] Поступил файл nt131203.002
06:03:14 | 10:13:09.939000 | [NSI] Поступил файл NT131210.005
06:03:14 | 10:13:09.939000 | [NSI] Поступил файл NT131210.006
06:03:14 | 10:13:09.955000 | [NSI] Поступил файл nt131210.008
06:03:14 | 10:13:09.955000 | [NSI] Поступил файл nt131212.011
06:03:14 | 10:13:38.486000 | [NSI] Удалён файл NL131202.000
06:03:14 | 10:13:38.486000 | [NSI] Удалён файл NT131129.002
06:03:14 | 10:13:38.486000 | [NSI] Удалён файл nt131203.002
06:03:14 | 10:13:38.486000 | [NSI] Удалён файл NT131210.005
06:03:14 | 10:13:38.486000 | [NSI] Удалён файл NT131210.006
06:03:14 | 10:13:38.486000 | [NSI] Удалён файл nt131210.008
06:03:14 | 10:13:38.502000 | [NSI] Удалён файл nt131212.011
06:03:14 | 10:13:42.861000 | *** Выход из программы ***

06:03:14 | 10:52:35.471000 | *** Старт программы *** ver. 0.0.5 ***
06:03:14 | 10:53:22.002000 | [NSI_DIR] Поступил файл NL140217.001
06:03:14 | 10:53:22.017000 | [NSI_DIR] Поступил файл ns040214.003
06:03:14 | 10:53:22.017000 | [NSI_DIR] Поступил файл nt140212.004
06:03:14 | 10:53:22.033000 | [NSI_DIR] Поступил файл NT140220.006
06:03:14 | 10:53:22.033000 | [NSI_DIR] Поступил файл NT140220.007
06:03:14 | 10:53:22.033000 | [NSI_DIR] Поступил файл NT131106.008
06:03:14 | 10:53:22.049000 | [NSI_DIR] Поступил файл NT131108.009
06:03:14 | 10:53:22.064000 | [NSI_DIR] Поступил файл NT131115.010
06:03:14 | 10:53:22.080000 | [NSI_DIR] Поступил файл nt131126.015
06:03:14 | 10:53:22.111000 | [NSI_DIR] Поступил файл NT131128.017
06:03:14 | 10:53:22.111000 | [NSI_DIR] Поступил файл NL130715.244
06:03:14 | 10:53:22.142000 | [NSI_DIR] Поступил файл NPELS07.387
06:03:14 | 10:53:22.158000 | [NSI_DIR] Поступил файл NPELS07.568
06:03:14 | 10:53:22.189000 | [NSI_DIR] Поступил файл NPELS07.584
06:03:14 | 10:53:53.752000 | [NSI_DIR] Удалён файл NL140217.001
06:03:14 | 10:53:53.752000 | [NSI_DIR] Удалён файл ns040214.003
06:03:14 | 10:53:53.752000 | [NSI_DIR] Удалён файл nt140212.004
06:03:14 | 10:53:53.752000 | [NSI_DIR] Удалён файл NT140220.006
06:03:14 | 10:53:53.767000 | [NSI_DIR] Удалён файл NT140220.007
06:03:14 | 10:53:53.767000 | [NSI_DIR] Удалён файл NT131106.008
06:03:14 | 10:53:53.767000 | [NSI_DIR] Удалён файл NT131108.009
06:03:14 | 10:53:53.767000 | [NSI_DIR] Удалён файл NT131115.010
06:03:14 | 10:53:53.783000 | [NSI_DIR] Удалён файл nt131126.015
06:03:14 | 10:53:53.783000 | [NSI_DIR] Удалён файл NT131128.017
06:03:14 | 10:53:53.783000 | [NSI_DIR] Удалён файл NL130715.244
06:03:14 | 10:53:53.783000 | [NSI_DIR] Удалён файл NPELS07.387
06:03:14 | 10:53:53.783000 | [NSI_DIR] Удалён файл NPELS07.568
06:03:14 | 10:53:53.799000 | [NSI_DIR] Удалён файл NPELS07.584
06:03:14 | 10:53:58.174000 | *** Выход из программы ***

06:03:14 | 20:41:56.390000 | *** Старт программы *** ver. 0.0.5 ***

06:03:14 | 22:18:35.968000 | *** Старт программы *** ver. 0.0.5 ***

07:03:14 | 09:59:21.669000 | *** Старт программы *** ver. 0.0.5 ***
07:03:14 | 09:59:45.185000 | [NSI_DIR] Поступил файл Limit.001
07:03:14 | 10:00:05.186000 | [NSI_DIR] Удалён файл Limit.001
07:03:14 | 10:00:30.077000 | [NSI_DIR] Поступил файл NT140303.001
07:03:14 | 10:00:30.108000 | [NSI_DIR] Поступил файл nt140304.002
07:03:14 | 10:00:30.124000 | [NSI_DIR] Поступил файл NT140304.003
07:03:14 | 10:01:06.764000 | [NSI_DIR] Удалён файл NT140303.001
07:03:14 | 10:01:06.764000 | [NSI_DIR] Удалён файл nt140304.002
07:03:14 | 10:01:06.764000 | [NSI_DIR] Удалён файл NT140304.003
07:03:14 | 10:01:37.843000 | [NSI_DIR] Поступил файл NL140217.001
07:03:14 | 10:01:37.843000 | [NSI_DIR] Поступил файл ns040214.003
07:03:14 | 10:01:37.858000 | [NSI_DIR] Поступил файл nt140212.004
07:03:14 | 10:01:37.874000 | [NSI_DIR] Поступил файл NT140220.006
07:03:14 | 10:01:37.874000 | [NSI_DIR] Поступил файл NT140220.007
07:03:14 | 10:01:37.889000 | [NSI_DIR] Поступил файл NT131106.008
07:03:14 | 10:01:37.889000 | [NSI_DIR] Поступил файл NT131108.009
07:03:14 | 10:01:37.921000 | [NSI_DIR] Поступил файл NT131115.010
07:03:14 | 10:01:37.936000 | [NSI_DIR] Поступил файл nt131126.015
07:03:14 | 10:01:37.968000 | [NSI_DIR] Поступил файл NT131128.017
07:03:14 | 10:01:37.999000 | [NSI_DIR] Поступил файл NL130715.244
07:03:14 | 10:01:38.014000 | [NSI_DIR] Поступил файл NPELS07.387
07:03:14 | 10:01:38.030000 | [NSI_DIR] Поступил файл NPELS07.568
07:03:14 | 10:01:38.046000 | [NSI_DIR] Поступил файл NPELS07.584
07:03:14 | 10:02:19.577000 | [NSI_DIR] Удалён файл NL140217.001
07:03:14 | 10:02:19.577000 | [NSI_DIR] Удалён файл ns040214.003
07:03:14 | 10:02:19.577000 | [NSI_DIR] Удалён файл nt140212.004
07:03:14 | 10:02:19.577000 | [NSI_DIR] Удалён файл NT140220.006
07:03:14 | 10:02:19.593000 | [NSI_DIR] Удалён файл NT140220.007
07:03:14 | 10:02:19.593000 | [NSI_DIR] Удалён файл NT131106.008
07:03:14 | 10:02:19.593000 | [NSI_DIR] Удалён файл NT131108.009
07:03:14 | 10:02:19.593000 | [NSI_DIR] Удалён файл NT131115.010
07:03:14 | 10:02:19.593000 | [NSI_DIR] Удалён файл nt131126.015
07:03:14 | 10:02:19.593000 | [NSI_DIR] Удалён файл NT131128.017
07:03:14 | 10:02:19.593000 | [NSI_DIR] Удалён файл NL130715.244
07:03:14 | 10:02:19.593000 | [NSI_DIR] Удалён файл NPELS07.387
07:03:14 | 10:02:19.593000 | [NSI_DIR] Удалён файл NPELS07.568
07:03:14 | 10:02:19.593000 | [NSI_DIR] Удалён файл NPELS07.584
07:03:14 | 10:02:24.764000 | *** Выход из программы ***

07:03:14 | 10:05:06.905000 | *** Старт программы *** ver. 0.0.5 ***
07:03:14 | 10:05:32.671000 | Не найден каталог входящей НСИ
07:03:14 | 10:05:32.671000 | Не найден каталог входящих НДВ
07:03:14 | 10:05:32.671000 | *** Выход из программы ***

07:03:14 | 10:10:04.858000 | *** Старт программы *** ver. 0.0.5 ***
07:03:14 | 10:10:58.124000 | Не найден каталог входящей НСИ
07:03:14 | 10:10:58.124000 | Не найден каталог входящих НДВ
07:03:14 | 10:10:58.124000 | *** Выход из программы ***

07:03:14 | 10:12:00.889000 | *** Старт программы *** ver. 0.0.5 ***
07:03:14 | 10:12:08.999000 | Не найден каталог входящей НСИ
07:03:14 | 10:12:08.999000 | Не найден каталог входящих НДВ
07:03:14 | 10:12:08.999000 | *** Выход из программы ***

07:03:14 | 10:13:55.014000 | *** Старт программы *** ver. 0.0.5 ***
07:03:14 | 10:14:29.436000 | Не найден каталог входящей НСИ
07:03:14 | 10:14:29.436000 | Не найден каталог входящих НДВ
07:03:14 | 10:14:29.436000 | *** Выход из программы ***

07:03:14 | 10:18:33.030000 | *** Старт программы *** ver. 0.0.5 ***
07:03:14 | 10:18:54.343000 | Не найден каталог входящей НСИ
07:03:14 | 10:18:54.343000 | Не найден каталог входящих НДВ
07:03:14 | 10:18:54.343000 | *** Выход из программы ***

07:03:14 | 10:22:43.593000 | *** Старт программы *** ver. 0.0.5 ***
07:03:14 | 10:22:57.327000 | Не найден каталог входящей НСИ
07:03:14 | 10:22:57.327000 | Не найден каталог входящих НДВ
07:03:14 | 10:22:57.343000 | *** Выход из программы ***

07:03:14 | 10:24:12.968000 | *** Старт программы *** ver. 0.0.5 ***
07:03:14 | 10:24:19.764000 | *** Выход из программы ***

07:03:14 | 10:24:47.202000 | *** Старт программы *** ver. 0.0.5 ***
07:03:14 | 10:24:52.374000 | *** Выход из программы ***

07:03:14 | 10:25:55.936000 | *** Старт программы *** ver. 0.0.5 ***
07:03:14 | 10:26:09.889000 | *** Выход из программы ***

07:03:14 | 10:27:41.796000 | *** Старт программы *** ver. 0.0.5 ***
07:03:14 | 10:27:46.061000 | *** Выход из программы ***

07:03:14 | 22:20:40.625000 | *** Старт программы *** ver. 0.0.5 ***

08:03:14 | 09:21:31.593000 | *** Старт программы *** ver. 0.0.5 ***
08:03:14 | 09:42:12.234000 | *** Выход из программы ***

08:03:14 | 19:48:47.078000 | *** Старт программы *** ver. 0.0.5 ***

08:03:14 | 21:38:17.781000 | *** Старт программы *** ver. 0.0.5 ***

08:03:14 | 22:27:00.984000 | *** Старт программы *** ver. 0.0.5 ***
08:03:14 | 23:29:17.843000 | *** Выход из программы ***

09:03:14 | 23:29:49.437000 | *** Старт программы *** ver. 0.0.5 ***
10:03:14 | 06:33:34.453000 | *** Выход из программы ***

10:03:14 | 21:53:45.234000 | *** Старт программы *** ver. 0.0.5 ***

11:03:14 | 15:35:56.147000 | *** Старт программы *** ver. 0.0.5 ***
11:03:14 | 15:37:53.803000 | *** Выход из программы ***
11:03:14 | 20:30:45.046000 | *** Выход из программы ***

11:03:14 | 20:35:27.078000 | *** Старт программы *** ver. 0.0.5 ***
11:03:14 | 20:36:15.078000 | *** Выход из программы ***

11:03:14 | 20:39:08.296000 | *** Старт программы *** ver. 0.0.5 ***
11:03:14 | 20:40:03.734000 | *** Выход из программы ***

12:03:14 | 20:03:17.078000 | *** Старт программы *** ver. 0.0.5 ***
12:03:14 | 20:03:22.078000 | *** Выход из программы ***

13:03:14 | 20:30:10.453000 | *** Старт программы *** ver. 0.0.5 ***
13:03:14 | 20:30:15.656000 | *** Выход из программы ***

14:03:14 | 19:31:02.843000 | *** Старт программы *** ver. 0.0.5 ***
14:03:14 | 19:31:08.046000 | *** Выход из программы ***

15:03:14 | 06:35:32.531000 | *** Старт программы *** ver. 0.0.5 ***
15:03:14 | 06:37:45.171000 | *** Выход из программы ***

15:03:14 | 20:20:59.109000 | *** Старт программы *** ver. 0.0.5 ***
15:03:14 | 20:21:02.703000 | *** Выход из программы ***

16:03:14 | 20:45:16.187000 | *** Старт программы *** ver. 0.0.5 ***
16:03:14 | 20:45:25.031000 | *** Выход из программы ***

17:03:14 | 11:20:22.859000 | *** Старт программы *** ver. 0.0.5 ***
17:03:14 | 11:20:50.875000 | *** Выход из программы ***

17:03:14 | 19:25:48.015000 | *** Старт программы *** ver. 0.0.5 ***
17:03:14 | 19:25:52.343000 | *** Выход из программы ***

18:03:14 | 19:38:43.859000 | *** Старт программы *** ver. 0.0.5 ***
18:03:14 | 19:38:53.703000 | *** Выход из программы ***

19:03:14 | 21:14:22.953000 | *** Старт программы *** ver. 0.0.5 ***
19:03:14 | 21:14:26.796000 | *** Выход из программы ***

26:03:14 | 14:58:54.812000 | *** Старт программы *** ver. 0.0.5 ***
26:03:14 | 14:59:03.687000 | *** Выход из программы ***

26:03:14 | 15:56:40.093000 | *** Старт программы *** ver. 0.0.5 ***
26:03:14 | 15:56:48.765000 | *** Выход из программы ***

29:03:14 | 15:58:15.187000 | *** Старт программы *** ver. 0.0.5 ***
29:03:14 | 15:58:37.718000 | *** Выход из программы ***

29:03:14 | 20:43:55.437000 | *** Старт программы *** ver. 0.0.5 ***
29:03:14 | 20:44:04.640000 | *** Выход из программы ***

30:03:14 | 19:12:50.234000 | *** Старт программы *** ver. 0.0.5 ***
30:03:14 | 19:13:00.078000 | *** Выход из программы ***

31:03:14 | 13:11:37.609000 | *** Старт программы *** ver. 0.0.5 ***
31:03:14 | 13:11:42.671000 | *** Выход из программы ***

31:03:14 | 21:14:07.312000 | *** Старт программы *** ver. 0.0.5 ***
31:03:14 | 21:14:12.281000 | *** Выход из программы ***

01:04:14 | 18:53:26.531000 | *** Старт программы *** ver. 0.0.5 ***
01:04:14 | 18:53:32.250000 | *** Выход из программы ***

02:04:14 | 21:19:11.703000 | *** Старт программы *** ver. 0.0.5 ***
02:04:14 | 21:19:20.171000 | *** Выход из программы ***

03:04:14 | 21:21:38.578000 | *** Старт программы *** ver. 0.0.5 ***
03:04:14 | 21:21:47.453000 | *** Выход из программы ***

04:04:14 | 19:56:20.828000 | *** Старт программы *** ver. 0.0.5 ***
04:04:14 | 19:56:25.515000 | *** Выход из программы ***

05:04:14 | 20:15:41.187000 | *** Старт программы *** ver. 0.0.5 ***
05:04:14 | 20:15:47.671000 | *** Выход из программы ***

06:04:14 | 20:56:40.671000 | *** Старт программы *** ver. 0.0.5 ***
06:04:14 | 20:56:44.421000 | *** Выход из программы ***

07:04:14 | 18:28:53.218000 | *** Старт программы *** ver. 0.0.5 ***
07:04:14 | 18:28:56.734000 | *** Выход из программы ***

08:04:14 | 20:08:25.156000 | *** Старт программы *** ver. 0.0.5 ***
08:04:14 | 20:08:47.703000 | *** Выход из программы ***

09:04:14 | 20:51:59.750000 | *** Старт программы *** ver. 0.0.5 ***
09:04:14 | 20:52:09.093000 | *** Выход из программы ***

10:04:14 | 06:03:44.078000 | *** Старт программы *** ver. 0.0.5 ***
10:04:14 | 06:04:03.546000 | *** Выход из программы ***

10:04:14 | 20:57:40.375000 | *** Старт программы *** ver. 0.0.5 ***
10:04:14 | 20:58:35.093000 | *** Выход из программы ***

11:04:14 | 20:52:33.781000 | *** Старт программы *** ver. 0.0.5 ***
11:04:14 | 20:52:37.906000 | *** Выход из программы ***

12:04:14 | 20:49:32.500000 | *** Старт программы *** ver. 0.0.5 ***
12:04:14 | 20:49:58.250000 | *** Выход из программы ***

13:04:14 | 15:59:57.718000 | *** Старт программы *** ver. 0.0.5 ***
13:04:14 | 16:00:49.125000 | *** Выход из программы ***

13:04:14 | 21:44:46.140000 | *** Старт программы *** ver. 0.0.5 ***
13:04:14 | 21:44:57.671000 | *** Выход из программы ***

14:04:14 | 19:53:26.718000 | *** Старт программы *** ver. 0.0.5 ***
14:04:14 | 19:53:43.890000 | *** Выход из программы ***

15:04:14 | 20:52:19.984000 | *** Старт программы *** ver. 0.0.5 ***
15:04:14 | 20:52:39.000000 | *** Выход из программы ***

16:04:14 | 21:21:09.078000 | *** Старт программы *** ver. 0.0.5 ***
16:04:14 | 21:21:20.156000 | *** Выход из программы ***

17:04:14 | 21:41:21.968000 | *** Старт программы *** ver. 0.0.5 ***
17:04:14 | 21:41:25.796000 | *** Выход из программы ***

18:04:14 | 20:54:36.046000 | *** Старт программы *** ver. 0.0.5 ***
18:04:14 | 20:54:39.468000 | *** Выход из программы ***

19:04:14 | 20:53:56.609000 | *** Старт программы *** ver. 0.0.5 ***
19:04:14 | 20:53:59.921000 | *** Выход из программы ***

20:04:14 | 18:47:44.343000 | *** Старт программы *** ver. 0.0.5 ***
20:04:14 | 18:50:49.656000 | *** Выход из программы ***

21:04:14 | 19:48:51.890000 | *** Старт программы *** ver. 0.0.5 ***
21:04:14 | 19:49:07.156000 | *** Выход из программы ***

22:04:14 | 19:41:30.921000 | *** Старт программы *** ver. 0.0.5 ***
22:04:14 | 19:41:45.937000 | *** Выход из программы ***

23:04:14 | 21:42:03.140000 | *** Старт программы *** ver. 0.0.5 ***
23:04:14 | 21:44:04.484000 | *** Выход из программы ***

24:04:14 | 21:19:20.328000 | *** Старт программы *** ver. 0.0.5 ***
24:04:14 | 21:19:24.875000 | *** Выход из программы ***

25:04:14 | 20:39:44.890000 | *** Старт программы *** ver. 0.0.5 ***
25:04:14 | 20:39:50.656000 | *** Выход из программы ***

26:04:14 | 21:30:58.062000 | *** Старт программы *** ver. 0.0.5 ***
26:04:14 | 21:31:05.984000 | *** Выход из программы ***

27:04:14 | 10:41:05.812000 | *** Старт программы *** ver. 0.0.5 ***
27:04:14 | 10:41:13.140000 | *** Выход из программы ***

27:04:14 | 13:55:35.703000 | *** Старт программы *** ver. 0.0.5 ***
27:04:14 | 13:55:45.000000 | *** Выход из программы ***

28:04:14 | 10:36:56.546000 | *** Старт программы *** ver. 0.0.5 ***
28:04:14 | 10:37:02.343000 | *** Выход из программы ***

28:04:14 | 21:44:59.187000 | *** Старт программы *** ver. 0.0.5 ***
28:04:14 | 21:45:15.703000 | *** Выход из программы ***

28:04:14 | 23:38:42.390000 | *** Старт программы *** ver. 0.0.5 ***
28:04:14 | 23:38:45.984000 | *** Выход из программы ***

29:04:14 | 14:05:31.171000 | *** Старт программы *** ver. 0.0.5 ***
29:04:14 | 14:05:45.171000 | *** Выход из программы ***

29:04:14 | 15:51:11.046000 | *** Старт программы *** ver. 0.0.5 ***
29:04:14 | 15:51:27.828000 | *** Выход из программы ***

30:04:14 | 22:27:04.640000 | *** Старт программы *** ver. 0.0.5 ***
30:04:14 | 22:27:08.250000 | *** Выход из программы ***

01:05:14 | 12:50:38.093000 | *** Старт программы *** ver. 0.0.5 ***
01:05:14 | 12:50:43.453000 | *** Выход из программы ***

01:05:14 | 21:19:50.156000 | *** Старт программы *** ver. 0.0.5 ***
01:05:14 | 21:19:56.609000 | *** Выход из программы ***

02:05:14 | 21:28:33.265000 | *** Старт программы *** ver. 0.0.5 ***
02:05:14 | 21:28:36.906000 | *** Выход из программы ***

03:05:14 | 18:30:12.265000 | *** Старт программы *** ver. 0.0.5 ***
03:05:14 | 18:30:30.734000 | *** Выход из программы ***

04:05:14 | 18:44:15.578000 | *** Старт программы *** ver. 0.0.5 ***
04:05:14 | 18:44:24.562000 | *** Выход из программы ***

05:05:14 | 22:03:06.328000 | *** Старт программы *** ver. 0.0.5 ***
05:05:14 | 22:03:14.453000 | *** Выход из программы ***

06:05:14 | 20:43:56.828000 | *** Старт программы *** ver. 0.0.5 ***
06:05:14 | 20:44:03.062000 | *** Выход из программы ***

06:05:14 | 23:48:11.265000 | *** Старт программы *** ver. 0.0.5 ***
06:05:14 | 23:49:03.312000 | *** Выход из программы ***

07:05:14 | 21:33:29.296000 | *** Старт программы *** ver. 0.0.5 ***
07:05:14 | 21:33:38.015000 | *** Выход из программы ***

08:05:14 | 19:05:56.375000 | *** Старт программы *** ver. 0.0.5 ***
08:05:14 | 19:06:02.859000 | *** Выход из программы ***

08:05:14 | 23:02:21.062000 | *** Старт программы *** ver. 0.0.5 ***
08:05:14 | 23:02:24.984000 | *** Выход из программы ***

09:05:14 | 10:42:44.343000 | *** Старт программы *** ver. 0.0.5 ***
09:05:14 | 10:42:53.656000 | *** Выход из программы ***

09:05:14 | 10:49:24.968000 | *** Старт программы *** ver. 0.0.5 ***
09:05:14 | 10:51:20.000000 | *** Выход из программы ***

10:05:14 | 22:05:27.125000 | *** Старт программы *** ver. 0.0.5 ***
10:05:14 | 22:05:31.093000 | *** Выход из программы ***

11:05:14 | 16:35:47.000000 | *** Старт программы *** ver. 0.0.5 ***
11:05:14 | 16:35:52.187000 | *** Выход из программы ***

11:05:14 | 22:26:25.468000 | *** Старт программы *** ver. 0.0.5 ***
11:05:14 | 22:26:38.781000 | *** Выход из программы ***

12:05:14 | 20:04:31.515000 | *** Старт программы *** ver. 0.0.5 ***
12:05:14 | 20:05:21.015000 | *** Выход из программы ***

13:05:14 | 22:12:42.859000 | *** Старт программы *** ver. 0.0.5 ***
13:05:14 | 22:13:25.937000 | *** Выход из программы ***

13:05:14 | 22:46:20.734000 | *** Старт программы *** ver. 0.0.5 ***
13:05:14 | 22:46:28.453000 | *** Выход из программы ***

13:05:14 | 22:50:30.875000 | *** Старт программы *** ver. 0.0.5 ***
13:05:14 | 22:50:37.750000 | *** Выход из программы ***

14:05:14 | 21:21:48.640000 | *** Старт программы *** ver. 0.0.5 ***
14:05:14 | 21:21:54.359000 | *** Выход из программы ***

15:05:14 | 21:53:09.781000 | *** Старт программы *** ver. 0.0.5 ***
15:05:14 | 21:53:51.296000 | *** Выход из программы ***

16:05:14 | 22:13:03.718000 | *** Старт программы *** ver. 0.0.5 ***
16:05:14 | 22:13:13.500000 | *** Выход из программы ***

17.05.14 | 17:14:39.515000 | *** Старт программы *** ver. 0.0.5 ***
17.05.14 | 17:14:43.375000 | *** Выход из программы ***

17.05.14 | 23:39:10.812000 | *** Старт программы *** ver. 0.0.5 ***
17.05.14 | 23:39:25.171000 | *** Выход из программы ***

18.05.14 | 19:39:35.500000 | *** Старт программы *** ver. 0.0.5 ***
18.05.14 | 19:39:44.500000 | *** Выход из программы ***

19.05.14 | 22:02:40.812000 | *** Старт программы *** ver. 0.0.5 ***
19.05.14 | 22:02:56.140000 | *** Выход из программы ***

20.05.14 | 21:26:08.718000 | *** Старт программы *** ver. 0.0.5 ***
20.05.14 | 21:28:59.562000 | *** Выход из программы ***

21.05.14 | 21:55:25.843000 | *** Старт программы *** ver. 0.0.5 ***
21.05.14 | 21:55:30.453000 | *** Выход из программы ***

22.05.14 | 19:20:12.453000 | *** Старт программы *** ver. 0.0.5 ***
22.05.14 | 19:20:23.984000 | *** Выход из программы ***

23.05.14 | 22:52:48.890000 | *** Старт программы *** ver. 0.0.5 ***
23.05.14 | 22:52:54.906000 | *** Выход из программы ***

24.05.14 | 22:27:29.515000 | *** Старт программы *** ver. 0.0.5 ***
24.05.14 | 22:28:22.375000 | *** Выход из программы ***

25.05.14 | 06:11:35.375000 | *** Старт программы *** ver. 0.0.5 ***
25.05.14 | 06:11:42.593000 | *** Выход из программы ***

25.05.14 | 18:07:23.296000 | *** Старт программы *** ver. 0.0.5 ***
25.05.14 | 18:07:28.218000 | *** Выход из программы ***

26.05.14 | 11:53:27.031000 | *** Старт программы *** ver. 0.0.5 ***
26.05.14 | 11:53:32.468000 | *** Выход из программы ***

26.05.14 | 15:47:09.234000 | *** Старт программы *** ver. 0.0.5 ***
26.05.14 | 15:51:34.812000 | *** Выход из программы ***

27.05.14 | 22:45:29.156000 | *** Старт программы *** ver. 0.0.5 ***
27.05.14 | 22:45:49.187000 | *** Выход из программы ***

28.05.14 | 20:25:32.437000 | *** Старт программы *** ver. 0.0.5 ***
28.05.14 | 20:26:02.250000 | *** Выход из программы ***

29.05.14 | 20:42:23.062000 | *** Старт программы *** ver. 0.0.5 ***
29.05.14 | 20:42:40.515000 | *** Выход из программы ***

30.05.14 | 20:02:49.937000 | *** Старт программы *** ver. 0.0.5 ***
30.05.14 | 20:03:06.578000 | *** Выход из программы ***

30.05.14 | 20:47:39.921000 | *** Старт программы *** ver. 0.0.5 ***
30.05.14 | 20:47:44.531000 | *** Выход из программы ***

30.05.14 | 21:18:22.375000 | *** Старт программы *** ver. 0.0.5 ***
30.05.14 | 21:18:37.718000 | *** Выход из программы ***

31.05.14 | 19:00:36.875000 | *** Старт программы *** ver. 0.0.5 ***
31.05.14 | 19:01:02.031000 | *** Выход из программы ***

01.06.14 | 13:50:50.453000 | *** Старт программы *** ver. 0.0.5 ***
01.06.14 | 13:50:54.734000 | *** Выход из программы ***

02.06.14 | 18:34:52.687000 | *** Старт программы *** ver. 0.0.5 ***
02.06.14 | 18:34:57.093000 | *** Выход из программы ***

02.06.14 | 22:55:54.125000 | *** Старт программы *** ver. 0.0.5 ***
02.06.14 | 22:56:01.531000 | *** Выход из программы ***

03.06.14 | 22:03:34.609000 | *** Старт программы *** ver. 0.0.5 ***
03.06.14 | 22:03:43.765000 | *** Выход из программы ***

03.06.14 | 23:17:03.093000 | *** Старт программы *** ver. 0.0.5 ***
03.06.14 | 23:17:09.734000 | *** Выход из программы ***

04.06.14 | 21:52:04.359000 | *** Старт программы *** ver. 0.0.5 ***
04.06.14 | 21:52:07.390000 | *** Выход из программы ***
04.06.14 | 21:53:39.109000 | [NSI_DIR] Удалён файл NL140331.003

05.06.14 | 23:18:56.312000 | *** Старт программы *** ver. 0.0.5 ***
05.06.14 | 23:19:16.109000 | *** Выход из программы ***

06.06.14 | 21:19:27.343000 | *** Старт программы *** ver. 0.0.5 ***
06.06.14 | 21:19:33.640000 | *** Выход из программы ***

07.06.14 | 06:04:34.046000 | *** Старт программы *** ver. 0.0.5 ***
07.06.14 | 06:04:38.890000 | *** Выход из программы ***

07.06.14 | 22:03:44.312000 | *** Старт программы *** ver. 0.0.5 ***
07.06.14 | 22:03:48.468000 | *** Выход из программы ***

08.06.14 | 13:27:48.546000 | *** Старт программы *** ver. 0.0.5 ***
08.06.14 | 13:28:00.656000 | *** Выход из программы ***

09.06.14 | 19:38:48.281000 | *** Старт программы *** ver. 0.0.5 ***
09.06.14 | 19:38:52.578000 | *** Выход из программы ***

10.06.14 | 19:01:46.000000 | *** Старт программы *** ver. 0.0.5 ***
10.06.14 | 19:02:55.484000 | *** Выход из программы ***

11.06.14 | 22:00:55.640000 | *** Старт программы *** ver. 0.0.5 ***
11.06.14 | 22:01:02.531000 | *** Выход из программы ***

12.06.14 | 22:05:26.156000 | *** Старт программы *** ver. 0.0.5 ***
12.06.14 | 22:05:35.125000 | *** Выход из программы ***

13.06.14 | 19:51:10.890000 | *** Старт программы *** ver. 0.0.5 ***
13.06.14 | 19:51:14.265000 | *** Выход из программы ***

13.06.14 | 21:59:20.218000 | *** Старт программы *** ver. 0.0.5 ***
13.06.14 | 21:59:24.218000 | *** Выход из программы ***

14.06.14 | 10:20:18.671000 | *** Старт программы *** ver. 0.0.5 ***
14.06.14 | 10:20:27.375000 | *** Выход из программы ***

14.06.14 | 20:44:43.140000 | *** Старт программы *** ver. 0.0.5 ***
14.06.14 | 20:44:59.156000 | *** Выход из программы ***
